2018-07-23 20:18:20	?	http://localhost:8888/?/	Error: 	Exception: SQLSTATE[HY000] [2002] No such file or directory (in /Applications/MAMP/htdocs/runduro/wire/core/ProcessWire.php line 377)
2018-07-23 20:18:28	?	http://localhost:8888/?/	Error: 	Exception: SQLSTATE[HY000] [2002] No such file or directory (in /Applications/MAMP/htdocs/runduro/wire/core/ProcessWire.php line 377)
2018-07-23 20:18:46	?	http://localhost:8888/?/	Error: 	Exception: SQLSTATE[HY000] [2002] No such file or directory (in /Applications/MAMP/htdocs/runduro/wire/core/ProcessWire.php line 377)
2018-07-23 20:18:50	?	http://localhost:8888/?/	Error: 	Exception: SQLSTATE[HY000] [2002] No such file or directory (in /Applications/MAMP/htdocs/runduro/wire/core/ProcessWire.php line 377)
2018-07-24 16:38:54	admin	http://localhost:8888/runduro/processwire/module/	Parse Error: 	syntax error, unexpected 'return' (T_RETURN) (line 86 of /Applications/MAMP/htdocs/runduro/site/modules/GetStravaSegments/GetStravaSegments.module)
2018-07-24 16:39:55	admin	http://localhost:8888/runduro/processwire/module/	Parse Error: 	syntax error, unexpected ';' (line 87 of /Applications/MAMP/htdocs/runduro/site/modules/GetStravaSegments/GetStravaSegments.module)
2018-07-24 17:21:46	?	http://localhost:8888/?/	Error: 	Uncaught Error: Class 'ProcessWire\Iamstuartwilson\StravaApi' not found in /Applications/MAMP/htdocs/runduro/site/modules/GetStravaSegments/GetStravaSegments.module:27 Stack trace: #0 /Applications/MAMP/htdocs/runduro/wire/core/Modules.php(1498): include_once() #1 /Applications/MAMP/htdocs/runduro/wire/core/Modules.php(998): ProcessWire\Modules->includeModuleFile('/Applications/M...', 'GetStravaSegmen...') #2 /Applications/MAMP/htdocs/runduro/wire/core/Modules.php(820): ProcessWire\Modules->loadModule('/Applications/M...', '/Applications/M...', Array, Array) #3 /Applications/MAMP/htdocs/runduro/wire/core/Modules.php(352): ProcessWire\Modules->load('/Applications/M...') #4 /Applications/MAMP/htdocs/runduro/wire/core/ProcessWire.php(390): ProcessWire\Modules->init() #5 /Applications/MAMP/htdocs/runduro/wire/core/ProcessWire.php(209): ProcessWire\ProcessWire->load(Object(ProcessWire\Config)) #6 /Applications/MAMP/htdocs/runduro/index.php(52): ProcessWire\ProcessWire->__construct(Object(ProcessWire\Config)) #7 {m (line 27 of /Applications/MAMP/htdocs/runduro/site/modules/GetStravaSegments/GetStravaSegments.module)
2018-07-24 17:21:52	?	http://localhost:8888/?/	Error: 	Uncaught Error: Class 'ProcessWire\Iamstuartwilson\StravaApi' not found in /Applications/MAMP/htdocs/runduro/site/modules/GetStravaSegments/GetStravaSegments.module:27 Stack trace: #0 /Applications/MAMP/htdocs/runduro/wire/core/Modules.php(1498): include_once() #1 /Applications/MAMP/htdocs/runduro/wire/core/Modules.php(998): ProcessWire\Modules->includeModuleFile('/Applications/M...', 'GetStravaSegmen...') #2 /Applications/MAMP/htdocs/runduro/wire/core/Modules.php(820): ProcessWire\Modules->loadModule('/Applications/M...', '/Applications/M...', Array, Array) #3 /Applications/MAMP/htdocs/runduro/wire/core/Modules.php(352): ProcessWire\Modules->load('/Applications/M...') #4 /Applications/MAMP/htdocs/runduro/wire/core/ProcessWire.php(390): ProcessWire\Modules->init() #5 /Applications/MAMP/htdocs/runduro/wire/core/ProcessWire.php(209): ProcessWire\ProcessWire->load(Object(ProcessWire\Config)) #6 /Applications/MAMP/htdocs/runduro/index.php(52): ProcessWire\ProcessWire->__construct(Object(ProcessWire\Config)) #7 {m (line 27 of /Applications/MAMP/htdocs/runduro/site/modules/GetStravaSegments/GetStravaSegments.module)
2018-07-24 17:22:05	?	http://localhost:8888/?/	Error: 	Uncaught Error: Class 'ProcessWire\Iamstuartwilson\StravaApi' not found in /Applications/MAMP/htdocs/runduro/site/modules/GetStravaSegments/GetStravaSegments.module:27 Stack trace: #0 /Applications/MAMP/htdocs/runduro/wire/core/Modules.php(1498): include_once() #1 /Applications/MAMP/htdocs/runduro/wire/core/Modules.php(998): ProcessWire\Modules->includeModuleFile('/Applications/M...', 'GetStravaSegmen...') #2 /Applications/MAMP/htdocs/runduro/wire/core/Modules.php(820): ProcessWire\Modules->loadModule('/Applications/M...', '/Applications/M...', Array, Array) #3 /Applications/MAMP/htdocs/runduro/wire/core/Modules.php(352): ProcessWire\Modules->load('/Applications/M...') #4 /Applications/MAMP/htdocs/runduro/wire/core/ProcessWire.php(390): ProcessWire\Modules->init() #5 /Applications/MAMP/htdocs/runduro/wire/core/ProcessWire.php(209): ProcessWire\ProcessWire->load(Object(ProcessWire\Config)) #6 /Applications/MAMP/htdocs/runduro/index.php(52): ProcessWire\ProcessWire->__construct(Object(ProcessWire\Config)) #7 {m (line 27 of /Applications/MAMP/htdocs/runduro/site/modules/GetStravaSegments/GetStravaSegments.module)
2018-07-24 17:22:32	?	http://localhost:8888/?/	Error: 	Uncaught Error: Class 'ProcessWire\Iamstuartwilson\StravaApi' not found in /Applications/MAMP/htdocs/runduro/site/modules/GetStravaSegments/GetStravaSegments.module:27 Stack trace: #0 /Applications/MAMP/htdocs/runduro/wire/core/Modules.php(1498): include_once() #1 /Applications/MAMP/htdocs/runduro/wire/core/Modules.php(998): ProcessWire\Modules->includeModuleFile('/Applications/M...', 'GetStravaSegmen...') #2 /Applications/MAMP/htdocs/runduro/wire/core/Modules.php(820): ProcessWire\Modules->loadModule('/Applications/M...', '/Applications/M...', Array, Array) #3 /Applications/MAMP/htdocs/runduro/wire/core/Modules.php(352): ProcessWire\Modules->load('/Applications/M...') #4 /Applications/MAMP/htdocs/runduro/wire/core/ProcessWire.php(390): ProcessWire\Modules->init() #5 /Applications/MAMP/htdocs/runduro/wire/core/ProcessWire.php(209): ProcessWire\ProcessWire->load(Object(ProcessWire\Config)) #6 /Applications/MAMP/htdocs/runduro/index.php(52): ProcessWire\ProcessWire->__construct(Object(ProcessWire\Config)) #7 {m (line 27 of /Applications/MAMP/htdocs/runduro/site/modules/GetStravaSegments/GetStravaSegments.module)
2018-07-24 17:26:20	?	http://localhost:8888/?/	Error: 	Uncaught Error: Class 'ProcessWire\Iamstuartwilson\StravaApi' not found in /Applications/MAMP/htdocs/runduro/site/modules/GetStravaSegments/GetStravaSegments.module:27 Stack trace: #0 /Applications/MAMP/htdocs/runduro/wire/core/Modules.php(1498): include_once() #1 /Applications/MAMP/htdocs/runduro/wire/core/Modules.php(998): ProcessWire\Modules->includeModuleFile('/Applications/M...', 'GetStravaSegmen...') #2 /Applications/MAMP/htdocs/runduro/wire/core/Modules.php(820): ProcessWire\Modules->loadModule('/Applications/M...', '/Applications/M...', Array, Array) #3 /Applications/MAMP/htdocs/runduro/wire/core/Modules.php(352): ProcessWire\Modules->load('/Applications/M...') #4 /Applications/MAMP/htdocs/runduro/wire/core/ProcessWire.php(390): ProcessWire\Modules->init() #5 /Applications/MAMP/htdocs/runduro/wire/core/ProcessWire.php(209): ProcessWire\ProcessWire->load(Object(ProcessWire\Config)) #6 /Applications/MAMP/htdocs/runduro/index.php(52): ProcessWire\ProcessWire->__construct(Object(ProcessWire\Config)) #7 {m (line 27 of /Applications/MAMP/htdocs/runduro/site/modules/GetStravaSegments/GetStravaSegments.module)
2018-07-24 17:26:22	?	http://localhost:8888/?/	Error: 	Uncaught Error: Class 'ProcessWire\Iamstuartwilson\StravaApi' not found in /Applications/MAMP/htdocs/runduro/site/modules/GetStravaSegments/GetStravaSegments.module:27 Stack trace: #0 /Applications/MAMP/htdocs/runduro/wire/core/Modules.php(1498): include_once() #1 /Applications/MAMP/htdocs/runduro/wire/core/Modules.php(998): ProcessWire\Modules->includeModuleFile('/Applications/M...', 'GetStravaSegmen...') #2 /Applications/MAMP/htdocs/runduro/wire/core/Modules.php(820): ProcessWire\Modules->loadModule('/Applications/M...', '/Applications/M...', Array, Array) #3 /Applications/MAMP/htdocs/runduro/wire/core/Modules.php(352): ProcessWire\Modules->load('/Applications/M...') #4 /Applications/MAMP/htdocs/runduro/wire/core/ProcessWire.php(390): ProcessWire\Modules->init() #5 /Applications/MAMP/htdocs/runduro/wire/core/ProcessWire.php(209): ProcessWire\ProcessWire->load(Object(ProcessWire\Config)) #6 /Applications/MAMP/htdocs/runduro/index.php(52): ProcessWire\ProcessWire->__construct(Object(ProcessWire\Config)) #7 {m (line 27 of /Applications/MAMP/htdocs/runduro/site/modules/GetStravaSegments/GetStravaSegments.module)
2018-07-24 17:27:05	?	http://localhost:8888/?/	Error: 	Uncaught Error: Class 'ProcessWire\Iamstuartwilson\StravaApi' not found in /Applications/MAMP/htdocs/runduro/site/modules/GetStravaSegments/GetStravaSegments.module:27 Stack trace: #0 /Applications/MAMP/htdocs/runduro/wire/core/Modules.php(1498): include_once() #1 /Applications/MAMP/htdocs/runduro/wire/core/Modules.php(998): ProcessWire\Modules->includeModuleFile('/Applications/M...', 'GetStravaSegmen...') #2 /Applications/MAMP/htdocs/runduro/wire/core/Modules.php(820): ProcessWire\Modules->loadModule('/Applications/M...', '/Applications/M...', Array, Array) #3 /Applications/MAMP/htdocs/runduro/wire/core/Modules.php(352): ProcessWire\Modules->load('/Applications/M...') #4 /Applications/MAMP/htdocs/runduro/wire/core/ProcessWire.php(390): ProcessWire\Modules->init() #5 /Applications/MAMP/htdocs/runduro/wire/core/ProcessWire.php(209): ProcessWire\ProcessWire->load(Object(ProcessWire\Config)) #6 /Applications/MAMP/htdocs/runduro/index.php(52): ProcessWire\ProcessWire->__construct(Object(ProcessWire\Config)) #7 {m (line 27 of /Applications/MAMP/htdocs/runduro/site/modules/GetStravaSegments/GetStravaSegments.module)
2018-07-24 17:27:07	?	http://localhost:8888/?/	Error: 	Uncaught Error: Class 'ProcessWire\Iamstuartwilson\StravaApi' not found in /Applications/MAMP/htdocs/runduro/site/modules/GetStravaSegments/GetStravaSegments.module:27 Stack trace: #0 /Applications/MAMP/htdocs/runduro/wire/core/Modules.php(1498): include_once() #1 /Applications/MAMP/htdocs/runduro/wire/core/Modules.php(998): ProcessWire\Modules->includeModuleFile('/Applications/M...', 'GetStravaSegmen...') #2 /Applications/MAMP/htdocs/runduro/wire/core/Modules.php(820): ProcessWire\Modules->loadModule('/Applications/M...', '/Applications/M...', Array, Array) #3 /Applications/MAMP/htdocs/runduro/wire/core/Modules.php(352): ProcessWire\Modules->load('/Applications/M...') #4 /Applications/MAMP/htdocs/runduro/wire/core/ProcessWire.php(390): ProcessWire\Modules->init() #5 /Applications/MAMP/htdocs/runduro/wire/core/ProcessWire.php(209): ProcessWire\ProcessWire->load(Object(ProcessWire\Config)) #6 /Applications/MAMP/htdocs/runduro/index.php(52): ProcessWire\ProcessWire->__construct(Object(ProcessWire\Config)) #7 {m (line 27 of /Applications/MAMP/htdocs/runduro/site/modules/GetStravaSegments/GetStravaSegments.module)
2018-07-24 17:29:39	?	http://localhost:8888/?/	Error: 	Uncaught Error: Class 'ProcessWire\Iamstuartwilson\StravaApi' not found in /Applications/MAMP/htdocs/runduro/site/modules/GetStravaSegments/GetStravaSegments.module:27 Stack trace: #0 /Applications/MAMP/htdocs/runduro/wire/core/Modules.php(1498): include_once() #1 /Applications/MAMP/htdocs/runduro/wire/core/Modules.php(998): ProcessWire\Modules->includeModuleFile('/Applications/M...', 'GetStravaSegmen...') #2 /Applications/MAMP/htdocs/runduro/wire/core/Modules.php(820): ProcessWire\Modules->loadModule('/Applications/M...', '/Applications/M...', Array, Array) #3 /Applications/MAMP/htdocs/runduro/wire/core/Modules.php(352): ProcessWire\Modules->load('/Applications/M...') #4 /Applications/MAMP/htdocs/runduro/wire/core/ProcessWire.php(390): ProcessWire\Modules->init() #5 /Applications/MAMP/htdocs/runduro/wire/core/ProcessWire.php(209): ProcessWire\ProcessWire->load(Object(ProcessWire\Config)) #6 /Applications/MAMP/htdocs/runduro/index.php(52): ProcessWire\ProcessWire->__construct(Object(ProcessWire\Config)) #7 {m (line 27 of /Applications/MAMP/htdocs/runduro/site/modules/GetStravaSegments/GetStravaSegments.module)
2018-07-24 17:31:10	admin	http://localhost:8888/runduro/processwire/page/edit/	Error: 	Uncaught Error: Class 'ProcessWire\Iamstuartwilson\StravaApi' not found in /Applications/MAMP/htdocs/runduro/site/modules/GetStravaSegments/GetStravaSegments.module:96 Stack trace: #0 /Applications/MAMP/htdocs/runduro/wire/core/WireHooks.php(822): ProcessWire\GetStravaSegments->getSegmentsData(Object(ProcessWire\HookEvent)) #1 /Applications/MAMP/htdocs/runduro/wire/core/Wire.php(442): ProcessWire\WireHooks->runHooks(Object(ProcessWire\Pages), 'save', Array) #2 /Applications/MAMP/htdocs/runduro/wire/modules/Process/ProcessPageEdit/ProcessPageEdit.module(1442): ProcessWire\Wire->__call('save', Array) #3 /Applications/MAMP/htdocs/runduro/wire/modules/Process/ProcessPageEdit/ProcessPageEdit.module(448): ProcessWire\ProcessPageEdit->processSave() #4 /Applications/MAMP/htdocs/runduro/wire/core/Wire.php(380): ProcessWire\ProcessPageEdit->___execute() #5 /Applications/MAMP/htdocs/runduro/wire/core/WireHooks.php(723): ProcessWire\Wire->_callMethod('___execute', Array) #6 /Applications/MAMP/htdocs/runduro/wire/core/Wir (line 96 of /Applications/MAMP/htdocs/runduro/site/modules/GetStravaSegments/GetStravaSegments.module)
2018-07-24 18:17:46	?	http://localhost:8888/?/	Parse Error: 	syntax error, unexpected '.', expecting :: (T_PAAMAYIM_NEKUDOTAYIM) (line 84 of /Applications/MAMP/htdocs/runduro/site/modules/GetStravaSegments/GetStravaSegments.module)
2018-07-24 18:20:04	?	http://localhost:8888/?/	Parse Error: 	syntax error, unexpected '.', expecting :: (T_PAAMAYIM_NEKUDOTAYIM) (line 84 of /Applications/MAMP/htdocs/runduro/site/modules/GetStravaSegments/GetStravaSegments.module)
2018-07-24 18:24:02	?	http://localhost:8888/?/	Parse Error: 	syntax error, unexpected '{' (line 86 of /Applications/MAMP/htdocs/runduro/site/modules/GetStravaSegments/GetStravaSegments.module)
2018-07-24 20:53:04	admin	http://localhost:8888/runduro/processwire/page/edit/	Error: 	Uncaught Error: Call to undefined function ProcessWire\connectToStrava() in /Applications/MAMP/htdocs/runduro/site/modules/GetStravaSegments/GetStravaSegments.module:73 Stack trace: #0 /Applications/MAMP/htdocs/runduro/wire/core/WireHooks.php(822): ProcessWire\GetStravaSegments->getSegmentsData(Object(ProcessWire\HookEvent)) #1 /Applications/MAMP/htdocs/runduro/wire/core/Wire.php(442): ProcessWire\WireHooks->runHooks(Object(ProcessWire\Pages), 'save', Array) #2 /Applications/MAMP/htdocs/runduro/wire/modules/Process/ProcessPageEdit/ProcessPageEdit.module(1442): ProcessWire\Wire->__call('save', Array) #3 /Applications/MAMP/htdocs/runduro/wire/modules/Process/ProcessPageEdit/ProcessPageEdit.module(448): ProcessWire\ProcessPageEdit->processSave() #4 /Applications/MAMP/htdocs/runduro/wire/core/Wire.php(380): ProcessWire\ProcessPageEdit->___execute() #5 /Applications/MAMP/htdocs/runduro/wire/core/WireHooks.php(723): ProcessWire\Wire->_callMethod('___execute', Array) #6 /Applications/MAMP/htdocs/runduro/wire/core/Wi (line 73 of /Applications/MAMP/htdocs/runduro/site/modules/GetStravaSegments/GetStravaSegments.module)
2018-07-24 20:53:17	admin	http://localhost:8888/runduro/processwire/page/edit/	Error: 	Uncaught Error: Call to undefined function ProcessWire\connectToStrava() in /Applications/MAMP/htdocs/runduro/site/modules/GetStravaSegments/GetStravaSegments.module:73 Stack trace: #0 /Applications/MAMP/htdocs/runduro/wire/core/WireHooks.php(822): ProcessWire\GetStravaSegments->getSegmentsData(Object(ProcessWire\HookEvent)) #1 /Applications/MAMP/htdocs/runduro/wire/core/Wire.php(442): ProcessWire\WireHooks->runHooks(Object(ProcessWire\Pages), 'save', Array) #2 /Applications/MAMP/htdocs/runduro/wire/modules/Process/ProcessPageEdit/ProcessPageEdit.module(1442): ProcessWire\Wire->__call('save', Array) #3 /Applications/MAMP/htdocs/runduro/wire/modules/Process/ProcessPageEdit/ProcessPageEdit.module(448): ProcessWire\ProcessPageEdit->processSave() #4 /Applications/MAMP/htdocs/runduro/wire/core/Wire.php(380): ProcessWire\ProcessPageEdit->___execute() #5 /Applications/MAMP/htdocs/runduro/wire/core/WireHooks.php(723): ProcessWire\Wire->_callMethod('___execute', Array) #6 /Applications/MAMP/htdocs/runduro/wire/core/Wi (line 73 of /Applications/MAMP/htdocs/runduro/site/modules/GetStravaSegments/GetStravaSegments.module)
2018-07-24 20:53:21	admin	http://localhost:8888/runduro/processwire/page/edit/	Error: 	Uncaught Error: Call to undefined function ProcessWire\connectToStrava() in /Applications/MAMP/htdocs/runduro/site/modules/GetStravaSegments/GetStravaSegments.module:73 Stack trace: #0 /Applications/MAMP/htdocs/runduro/wire/core/WireHooks.php(822): ProcessWire\GetStravaSegments->getSegmentsData(Object(ProcessWire\HookEvent)) #1 /Applications/MAMP/htdocs/runduro/wire/core/Wire.php(442): ProcessWire\WireHooks->runHooks(Object(ProcessWire\Pages), 'save', Array) #2 /Applications/MAMP/htdocs/runduro/wire/modules/Process/ProcessPageEdit/ProcessPageEdit.module(1442): ProcessWire\Wire->__call('save', Array) #3 /Applications/MAMP/htdocs/runduro/wire/modules/Process/ProcessPageEdit/ProcessPageEdit.module(448): ProcessWire\ProcessPageEdit->processSave() #4 /Applications/MAMP/htdocs/runduro/wire/core/Wire.php(380): ProcessWire\ProcessPageEdit->___execute() #5 /Applications/MAMP/htdocs/runduro/wire/core/WireHooks.php(723): ProcessWire\Wire->_callMethod('___execute', Array) #6 /Applications/MAMP/htdocs/runduro/wire/core/Wi (line 73 of /Applications/MAMP/htdocs/runduro/site/modules/GetStravaSegments/GetStravaSegments.module)
2018-07-24 20:54:08	admin	http://localhost:8888/runduro/processwire/page/edit/	Error: 	Uncaught Error: Call to undefined function ProcessWire\connectToStrava() in /Applications/MAMP/htdocs/runduro/site/modules/GetStravaSegments/GetStravaSegments.module:86 Stack trace: #0 /Applications/MAMP/htdocs/runduro/wire/core/WireHooks.php(822): ProcessWire\GetStravaSegments->getSegmentsData(Object(ProcessWire\HookEvent)) #1 /Applications/MAMP/htdocs/runduro/wire/core/Wire.php(442): ProcessWire\WireHooks->runHooks(Object(ProcessWire\Pages), 'save', Array) #2 /Applications/MAMP/htdocs/runduro/wire/modules/Process/ProcessPageEdit/ProcessPageEdit.module(1442): ProcessWire\Wire->__call('save', Array) #3 /Applications/MAMP/htdocs/runduro/wire/modules/Process/ProcessPageEdit/ProcessPageEdit.module(448): ProcessWire\ProcessPageEdit->processSave() #4 /Applications/MAMP/htdocs/runduro/wire/core/Wire.php(380): ProcessWire\ProcessPageEdit->___execute() #5 /Applications/MAMP/htdocs/runduro/wire/core/WireHooks.php(723): ProcessWire\Wire->_callMethod('___execute', Array) #6 /Applications/MAMP/htdocs/runduro/wire/core/Wi (line 86 of /Applications/MAMP/htdocs/runduro/site/modules/GetStravaSegments/GetStravaSegments.module)
2018-07-24 20:55:08	admin	http://localhost:8888/runduro/processwire/page/edit/	Error: 	Uncaught Error: Call to undefined function ProcessWire\connectToStrava() in /Applications/MAMP/htdocs/runduro/site/modules/GetStravaSegments/GetStravaSegments.module:73 Stack trace: #0 /Applications/MAMP/htdocs/runduro/wire/core/WireHooks.php(822): ProcessWire\GetStravaSegments->getSegmentsData(Object(ProcessWire\HookEvent)) #1 /Applications/MAMP/htdocs/runduro/wire/core/Wire.php(442): ProcessWire\WireHooks->runHooks(Object(ProcessWire\Pages), 'save', Array) #2 /Applications/MAMP/htdocs/runduro/wire/modules/Process/ProcessPageEdit/ProcessPageEdit.module(1442): ProcessWire\Wire->__call('save', Array) #3 /Applications/MAMP/htdocs/runduro/wire/modules/Process/ProcessPageEdit/ProcessPageEdit.module(448): ProcessWire\ProcessPageEdit->processSave() #4 /Applications/MAMP/htdocs/runduro/wire/core/Wire.php(380): ProcessWire\ProcessPageEdit->___execute() #5 /Applications/MAMP/htdocs/runduro/wire/core/WireHooks.php(723): ProcessWire\Wire->_callMethod('___execute', Array) #6 /Applications/MAMP/htdocs/runduro/wire/core/Wi (line 73 of /Applications/MAMP/htdocs/runduro/site/modules/GetStravaSegments/GetStravaSegments.module)
2018-07-24 20:55:38	admin	http://localhost:8888/runduro/processwire/page/edit/	Error: 	Uncaught Error: Call to undefined function ProcessWire\connectToStrava() in /Applications/MAMP/htdocs/runduro/site/modules/GetStravaSegments/GetStravaSegments.module:73 Stack trace: #0 /Applications/MAMP/htdocs/runduro/wire/core/WireHooks.php(822): ProcessWire\GetStravaSegments->getSegmentsData(Object(ProcessWire\HookEvent)) #1 /Applications/MAMP/htdocs/runduro/wire/core/Wire.php(442): ProcessWire\WireHooks->runHooks(Object(ProcessWire\Pages), 'save', Array) #2 /Applications/MAMP/htdocs/runduro/wire/modules/Process/ProcessPageEdit/ProcessPageEdit.module(1442): ProcessWire\Wire->__call('save', Array) #3 /Applications/MAMP/htdocs/runduro/wire/modules/Process/ProcessPageEdit/ProcessPageEdit.module(448): ProcessWire\ProcessPageEdit->processSave() #4 /Applications/MAMP/htdocs/runduro/wire/core/Wire.php(380): ProcessWire\ProcessPageEdit->___execute() #5 /Applications/MAMP/htdocs/runduro/wire/core/WireHooks.php(723): ProcessWire\Wire->_callMethod('___execute', Array) #6 /Applications/MAMP/htdocs/runduro/wire/core/Wi (line 73 of /Applications/MAMP/htdocs/runduro/site/modules/GetStravaSegments/GetStravaSegments.module)
2018-07-24 20:56:47	admin	http://localhost:8888/runduro/processwire/page/edit/	Error: 	Uncaught Error: Call to undefined function ProcessWire\connectToStrava() in /Applications/MAMP/htdocs/runduro/site/modules/GetStravaSegments/GetStravaSegments.module:73 Stack trace: #0 /Applications/MAMP/htdocs/runduro/wire/core/WireHooks.php(822): ProcessWire\GetStravaSegments->getSegmentsData(Object(ProcessWire\HookEvent)) #1 /Applications/MAMP/htdocs/runduro/wire/core/Wire.php(442): ProcessWire\WireHooks->runHooks(Object(ProcessWire\Pages), 'save', Array) #2 /Applications/MAMP/htdocs/runduro/wire/modules/Process/ProcessPageEdit/ProcessPageEdit.module(1442): ProcessWire\Wire->__call('save', Array) #3 /Applications/MAMP/htdocs/runduro/wire/modules/Process/ProcessPageEdit/ProcessPageEdit.module(448): ProcessWire\ProcessPageEdit->processSave() #4 /Applications/MAMP/htdocs/runduro/wire/core/Wire.php(380): ProcessWire\ProcessPageEdit->___execute() #5 /Applications/MAMP/htdocs/runduro/wire/core/WireHooks.php(723): ProcessWire\Wire->_callMethod('___execute', Array) #6 /Applications/MAMP/htdocs/runduro/wire/core/Wi (line 73 of /Applications/MAMP/htdocs/runduro/site/modules/GetStravaSegments/GetStravaSegments.module)
2018-07-24 21:12:42	?	http://localhost:8888/?/	Error: 	Exception: SQLSTATE[08S01]: Communication link failure: 1053 Server shutdown in progress (in /Applications/MAMP/htdocs/runduro/wire/core/WireDatabasePDO.php line 454)
2018-07-24 21:12:42	?	http://localhost:8888/?/	Error: 	Exception: SQLSTATE[08S01]: Communication link failure: 1053 Server shutdown in progress (in /Applications/MAMP/htdocs/runduro/wire/core/WireDatabasePDO.php line 454)
2018-07-24 21:12:42	?	http://localhost:8888/?/	Error: 	Exception: SQLSTATE[08S01]: Communication link failure: 1053 Server shutdown in progress (in /Applications/MAMP/htdocs/runduro/wire/core/WireDatabasePDO.php line 454)
2018-07-24 21:17:20	?	http://localhost:8888/?/	Error: 	Exception: SQLSTATE[08S01]: Communication link failure: 1053 Server shutdown in progress (in /Applications/MAMP/htdocs/runduro/wire/core/WireDatabasePDO.php line 454)
2018-07-24 21:17:20	?	http://localhost:8888/?/	Error: 	Exception: SQLSTATE[08S01]: Communication link failure: 1053 Server shutdown in progress (in /Applications/MAMP/htdocs/runduro/wire/core/WireDatabasePDO.php line 454)
2018-07-24 21:17:20	?	http://localhost:8888/?/	Error: 	Exception: SQLSTATE[08S01]: Communication link failure: 1053 Server shutdown in progress (in /Applications/MAMP/htdocs/runduro/wire/core/WireDatabasePDO.php line 454)
2018-07-24 21:17:20	?	http://localhost:8888/?/	Error: 	Exception: SQLSTATE[08S01]: Communication link failure: 1053 Server shutdown in progress (in /Applications/MAMP/htdocs/runduro/wire/core/WireDatabasePDO.php line 454)
2018-07-24 21:17:20	?	http://localhost:8888/?/	Error: 	Exception: SQLSTATE[08S01]: Communication link failure: 1053 Server shutdown in progress (in /Applications/MAMP/htdocs/runduro/wire/core/WireDatabasePDO.php line 454)
2018-07-24 21:17:20	?	http://localhost:8888/?/	Error: 	Exception: SQLSTATE[08S01]: Communication link failure: 1053 Server shutdown in progress (in /Applications/MAMP/htdocs/runduro/wire/core/WireDatabasePDO.php line 454)
2018-07-24 21:17:20	?	http://localhost:8888/?/	Error: 	Exception: SQLSTATE[08S01]: Communication link failure: 1053 Server shutdown in progress (in /Applications/MAMP/htdocs/runduro/wire/core/WireDatabasePDO.php line 454)
2018-07-24 21:17:20	?	http://localhost:8888/?/	Error: 	Exception: SQLSTATE[08S01]: Communication link failure: 1053 Server shutdown in progress (in /Applications/MAMP/htdocs/runduro/wire/core/WireDatabasePDO.php line 454)
2018-07-24 21:19:12	?	http://localhost:8888/?/	Error: 	Exception: SQLSTATE[08S01]: Communication link failure: 1053 Server shutdown in progress (in /Applications/MAMP/htdocs/runduro/wire/core/WireDatabasePDO.php line 454)
2018-07-25 20:48:34	?	http://localhost:8888/?/	Parse Error: 	syntax error, unexpected '$loginURL' (T_VARIABLE) (line 134 of /Applications/MAMP/htdocs/runduro/site/modules/GetStravaSegments/GetStravaSegments.module)
2018-07-25 20:49:33	?	http://localhost:8888/?/	Parse Error: 	syntax error, unexpected '$loginURL' (T_VARIABLE) (line 125 of /Applications/MAMP/htdocs/runduro/site/modules/GetStravaSegments/GetStravaSegments.module)
2018-07-25 21:27:18	admin	http://localhost:8888/runduro/	Error: 	Uncaught Error: Class 'ProcessWire\stdClass' not found in /Applications/MAMP/htdocs/runduro/site/modules/GetStravaSegments/GetStravaSegments.module:133 Stack trace: #0 /Applications/MAMP/htdocs/runduro/wire/core/WireHooks.php(822): ProcessWire\GetStravaSegments->keepLoggedInStrava(Object(ProcessWire\HookEvent)) #1 /Applications/MAMP/htdocs/runduro/wire/core/Wire.php(541): ProcessWire\WireHooks->runHooks(Object(ProcessWire\Page), 'strava', Array, 'property') #2 /Applications/MAMP/htdocs/runduro/wire/core/Wire.php(1740): ProcessWire\Wire->runHooks('strava', Array, 'property') #3 /Applications/MAMP/htdocs/runduro/wire/core/WireData.php(179): ProcessWire\Wire->__get('strava') #4 /Applications/MAMP/htdocs/runduro/wire/core/Page.php(1305): ProcessWire\WireData->get('strava') #5 /Applications/MAMP/htdocs/runduro/wire/core/Page.php(1089): ProcessWire\Page->getFieldValue('strava') #6 /Applications/MAMP/htdocs/runduro/wire/core/Page.php(1587): ProcessWire\Page->get('strava') #7 /Applications/MAMP/htdocs/runduro/site/te (line 133 of /Applications/MAMP/htdocs/runduro/site/modules/GetStravaSegments/GetStravaSegments.module)
2018-07-25 21:27:25	admin	http://localhost:8888/runduro/	Error: 	Uncaught Error: Class 'ProcessWire\stdClass' not found in /Applications/MAMP/htdocs/runduro/site/modules/GetStravaSegments/GetStravaSegments.module:133 Stack trace: #0 /Applications/MAMP/htdocs/runduro/wire/core/WireHooks.php(822): ProcessWire\GetStravaSegments->keepLoggedInStrava(Object(ProcessWire\HookEvent)) #1 /Applications/MAMP/htdocs/runduro/wire/core/Wire.php(541): ProcessWire\WireHooks->runHooks(Object(ProcessWire\Page), 'strava', Array, 'property') #2 /Applications/MAMP/htdocs/runduro/wire/core/Wire.php(1740): ProcessWire\Wire->runHooks('strava', Array, 'property') #3 /Applications/MAMP/htdocs/runduro/wire/core/WireData.php(179): ProcessWire\Wire->__get('strava') #4 /Applications/MAMP/htdocs/runduro/wire/core/Page.php(1305): ProcessWire\WireData->get('strava') #5 /Applications/MAMP/htdocs/runduro/wire/core/Page.php(1089): ProcessWire\Page->getFieldValue('strava') #6 /Applications/MAMP/htdocs/runduro/wire/core/Page.php(1587): ProcessWire\Page->get('strava') #7 /Applications/MAMP/htdocs/runduro/site/te (line 133 of /Applications/MAMP/htdocs/runduro/site/modules/GetStravaSegments/GetStravaSegments.module)
2018-07-25 21:27:28	admin	http://localhost:8888/runduro/	Error: 	Uncaught Error: Class 'ProcessWire\stdClass' not found in /Applications/MAMP/htdocs/runduro/site/modules/GetStravaSegments/GetStravaSegments.module:133 Stack trace: #0 /Applications/MAMP/htdocs/runduro/wire/core/WireHooks.php(822): ProcessWire\GetStravaSegments->keepLoggedInStrava(Object(ProcessWire\HookEvent)) #1 /Applications/MAMP/htdocs/runduro/wire/core/Wire.php(541): ProcessWire\WireHooks->runHooks(Object(ProcessWire\Page), 'strava', Array, 'property') #2 /Applications/MAMP/htdocs/runduro/wire/core/Wire.php(1740): ProcessWire\Wire->runHooks('strava', Array, 'property') #3 /Applications/MAMP/htdocs/runduro/wire/core/WireData.php(179): ProcessWire\Wire->__get('strava') #4 /Applications/MAMP/htdocs/runduro/wire/core/Page.php(1305): ProcessWire\WireData->get('strava') #5 /Applications/MAMP/htdocs/runduro/wire/core/Page.php(1089): ProcessWire\Page->getFieldValue('strava') #6 /Applications/MAMP/htdocs/runduro/wire/core/Page.php(1587): ProcessWire\Page->get('strava') #7 /Applications/MAMP/htdocs/runduro/site/te (line 133 of /Applications/MAMP/htdocs/runduro/site/modules/GetStravaSegments/GetStravaSegments.module)
2018-07-25 21:27:30	admin	http://localhost:8888/runduro/	Error: 	Uncaught Error: Class 'ProcessWire\stdClass' not found in /Applications/MAMP/htdocs/runduro/site/modules/GetStravaSegments/GetStravaSegments.module:133 Stack trace: #0 /Applications/MAMP/htdocs/runduro/wire/core/WireHooks.php(822): ProcessWire\GetStravaSegments->keepLoggedInStrava(Object(ProcessWire\HookEvent)) #1 /Applications/MAMP/htdocs/runduro/wire/core/Wire.php(541): ProcessWire\WireHooks->runHooks(Object(ProcessWire\Page), 'strava', Array, 'property') #2 /Applications/MAMP/htdocs/runduro/wire/core/Wire.php(1740): ProcessWire\Wire->runHooks('strava', Array, 'property') #3 /Applications/MAMP/htdocs/runduro/wire/core/WireData.php(179): ProcessWire\Wire->__get('strava') #4 /Applications/MAMP/htdocs/runduro/wire/core/Page.php(1305): ProcessWire\WireData->get('strava') #5 /Applications/MAMP/htdocs/runduro/wire/core/Page.php(1089): ProcessWire\Page->getFieldValue('strava') #6 /Applications/MAMP/htdocs/runduro/wire/core/Page.php(1587): ProcessWire\Page->get('strava') #7 /Applications/MAMP/htdocs/runduro/site/te (line 133 of /Applications/MAMP/htdocs/runduro/site/modules/GetStravaSegments/GetStravaSegments.module)
2018-07-25 21:36:11	admin	http://localhost:8888/runduro/	Error: 	Uncaught Error: Class 'ProcessWire\stdClass' not found in /Applications/MAMP/htdocs/runduro/site/modules/GetStravaSegments/GetStravaSegments.module:133 Stack trace: #0 /Applications/MAMP/htdocs/runduro/wire/core/WireHooks.php(822): ProcessWire\GetStravaSegments->keepLoggedInStrava(Object(ProcessWire\HookEvent)) #1 /Applications/MAMP/htdocs/runduro/wire/core/Wire.php(541): ProcessWire\WireHooks->runHooks(Object(ProcessWire\Page), 'strava', Array, 'property') #2 /Applications/MAMP/htdocs/runduro/wire/core/Wire.php(1740): ProcessWire\Wire->runHooks('strava', Array, 'property') #3 /Applications/MAMP/htdocs/runduro/wire/core/WireData.php(179): ProcessWire\Wire->__get('strava') #4 /Applications/MAMP/htdocs/runduro/wire/core/Page.php(1305): ProcessWire\WireData->get('strava') #5 /Applications/MAMP/htdocs/runduro/wire/core/Page.php(1089): ProcessWire\Page->getFieldValue('strava') #6 /Applications/MAMP/htdocs/runduro/wire/core/Page.php(1587): ProcessWire\Page->get('strava') #7 /Applications/MAMP/htdocs/runduro/site/te (line 133 of /Applications/MAMP/htdocs/runduro/site/modules/GetStravaSegments/GetStravaSegments.module)
2018-07-25 21:36:50	admin	http://localhost:8888/runduro/test/	Error: 	Uncaught Error: Class 'ProcessWire\stdClass' not found in /Applications/MAMP/htdocs/runduro/site/modules/GetStravaSegments/GetStravaSegments.module:133 Stack trace: #0 /Applications/MAMP/htdocs/runduro/wire/core/WireHooks.php(822): ProcessWire\GetStravaSegments->keepLoggedInStrava(Object(ProcessWire\HookEvent)) #1 /Applications/MAMP/htdocs/runduro/wire/core/Wire.php(541): ProcessWire\WireHooks->runHooks(Object(ProcessWire\Page), 'strava', Array, 'property') #2 /Applications/MAMP/htdocs/runduro/wire/core/Wire.php(1740): ProcessWire\Wire->runHooks('strava', Array, 'property') #3 /Applications/MAMP/htdocs/runduro/wire/core/WireData.php(179): ProcessWire\Wire->__get('strava') #4 /Applications/MAMP/htdocs/runduro/wire/core/Page.php(1305): ProcessWire\WireData->get('strava') #5 /Applications/MAMP/htdocs/runduro/wire/core/Page.php(1089): ProcessWire\Page->getFieldValue('strava') #6 /Applications/MAMP/htdocs/runduro/wire/core/Page.php(1587): ProcessWire\Page->get('strava') #7 /Applications/MAMP/htdocs/runduro/site/te (line 133 of /Applications/MAMP/htdocs/runduro/site/modules/GetStravaSegments/GetStravaSegments.module)
2018-07-25 21:42:18	admin	http://localhost:8888/runduro/test/	Error: 	Uncaught Error: Class 'ProcessWire\stdClass' not found in /Applications/MAMP/htdocs/runduro/site/modules/GetStravaSegments/GetStravaSegments.module:133 Stack trace: #0 /Applications/MAMP/htdocs/runduro/wire/core/WireHooks.php(822): ProcessWire\GetStravaSegments->keepLoggedInStrava(Object(ProcessWire\HookEvent)) #1 /Applications/MAMP/htdocs/runduro/wire/core/Wire.php(541): ProcessWire\WireHooks->runHooks(Object(ProcessWire\Page), 'strava', Array, 'property') #2 /Applications/MAMP/htdocs/runduro/wire/core/Wire.php(1740): ProcessWire\Wire->runHooks('strava', Array, 'property') #3 /Applications/MAMP/htdocs/runduro/wire/core/WireData.php(179): ProcessWire\Wire->__get('strava') #4 /Applications/MAMP/htdocs/runduro/wire/core/Page.php(1305): ProcessWire\WireData->get('strava') #5 /Applications/MAMP/htdocs/runduro/wire/core/Page.php(1089): ProcessWire\Page->getFieldValue('strava') #6 /Applications/MAMP/htdocs/runduro/wire/core/Page.php(1587): ProcessWire\Page->get('strava') #7 /Applications/MAMP/htdocs/runduro/site/te (line 133 of /Applications/MAMP/htdocs/runduro/site/modules/GetStravaSegments/GetStravaSegments.module)
2018-07-25 22:33:47	?	http://localhost:8888/?/	Parse Error: 	syntax error, unexpected ''test'' (T_CONSTANT_ENCAPSED_STRING) (line 145 of /Applications/MAMP/htdocs/runduro/site/modules/GetStravaSegments/GetStravaSegments.module)
2018-07-25 22:50:12	?	http://localhost:8888/?/	Parse Error: 	syntax error, unexpected '$_COOKIE' (T_VARIABLE) (line 151 of /Applications/MAMP/htdocs/runduro/site/modules/GetStravaSegments/GetStravaSegments.module)
2018-07-25 23:15:40	?	http://localhost:8888/?/	Parse Error: 	syntax error, unexpected '{' (line 128 of /Applications/MAMP/htdocs/runduro/site/modules/GetStravaSegments/GetStravaSegments.module)
2018-07-26 20:14:14	admin	http://localhost:8888/runduro/lop2/	Error: 	Uncaught Error: Call to undefined function ProcessWire\matchActivityToRace() in /Applications/MAMP/htdocs/runduro/site/modules/GetStravaSegments/GetStravaSegments.module:154 Stack trace: #0 /Applications/MAMP/htdocs/runduro/wire/core/WireHooks.php(822): ProcessWire\GetStravaSegments->getUserActivities(Object(ProcessWire\HookEvent)) #1 /Applications/MAMP/htdocs/runduro/wire/core/Wire.php(442): ProcessWire\WireHooks->runHooks(Object(ProcessWire\Page), 'activities', Array) #2 /Applications/MAMP/htdocs/runduro/site/assets/cache/FileCompiler/site/templates/event.php(32): ProcessWire\Wire->__call('activities', Array) #3 /Applications/MAMP/htdocs/runduro/wire/core/TemplateFile.php(287): require('/Applications/M...') #4 /Applications/MAMP/htdocs/runduro/wire/core/Wire.php(380): ProcessWire\TemplateFile->___render() #5 /Applications/MAMP/htdocs/runduro/wire/core/WireHooks.php(723): ProcessWire\Wire->_callMethod('___render', Array) #6 /Applications/MAMP/htdocs/runduro/wire/core/Wire.php(442): ProcessWire\WireHooks->run (line 154 of /Applications/MAMP/htdocs/runduro/site/modules/GetStravaSegments/GetStravaSegments.module)
2018-07-26 20:16:38	admin	http://localhost:8888/runduro/lop2/	Error: 	Uncaught Error: Call to undefined function ProcessWire\matchActivityToRace() in /Applications/MAMP/htdocs/runduro/site/modules/GetStravaSegments/GetStravaSegments.module:154 Stack trace: #0 /Applications/MAMP/htdocs/runduro/wire/core/WireHooks.php(822): ProcessWire\GetStravaSegments->getUserActivities(Object(ProcessWire\HookEvent)) #1 /Applications/MAMP/htdocs/runduro/wire/core/Wire.php(442): ProcessWire\WireHooks->runHooks(Object(ProcessWire\Page), 'activities', Array) #2 /Applications/MAMP/htdocs/runduro/site/assets/cache/FileCompiler/site/templates/event.php(32): ProcessWire\Wire->__call('activities', Array) #3 /Applications/MAMP/htdocs/runduro/wire/core/TemplateFile.php(287): require('/Applications/M...') #4 /Applications/MAMP/htdocs/runduro/wire/core/Wire.php(380): ProcessWire\TemplateFile->___render() #5 /Applications/MAMP/htdocs/runduro/wire/core/WireHooks.php(723): ProcessWire\Wire->_callMethod('___render', Array) #6 /Applications/MAMP/htdocs/runduro/wire/core/Wire.php(442): ProcessWire\WireHooks->run (line 154 of /Applications/MAMP/htdocs/runduro/site/modules/GetStravaSegments/GetStravaSegments.module)
2018-07-26 20:18:23	?	http://localhost:8888/?/	Parse Error: 	syntax error, unexpected 'if' (T_IF), expecting ',' or ';' (line 170 of /Applications/MAMP/htdocs/runduro/site/modules/GetStravaSegments/GetStravaSegments.module)
2018-07-26 20:19:18	admin	http://localhost:8888/runduro/lop2/	Recoverable Fatal Error: 	Object of class stdClass could not be converted to string (line 164 of /Applications/MAMP/htdocs/runduro/site/modules/GetStravaSegments/GetStravaSegments.module)
2018-07-26 23:14:50	?	http://localhost:8888/?/	Parse Error: 	syntax error, unexpected '->' (T_OBJECT_OPERATOR), expecting ',' or ';' (line 17 of /Applications/MAMP/htdocs/runduro/site/assets/cache/FileCompiler/site/modules/GetStravaSegments/Webservices.module)
2018-07-26 23:14:52	?	http://localhost:8888/?/	Parse Error: 	syntax error, unexpected '->' (T_OBJECT_OPERATOR), expecting ',' or ';' (line 17 of /Applications/MAMP/htdocs/runduro/site/assets/cache/FileCompiler/site/modules/GetStravaSegments/Webservices.module)
2018-07-26 23:14:56	?	http://localhost:8888/?/	Parse Error: 	syntax error, unexpected '->' (T_OBJECT_OPERATOR), expecting ',' or ';' (line 17 of /Applications/MAMP/htdocs/runduro/site/assets/cache/FileCompiler/site/modules/GetStravaSegments/Webservices.module)
2018-07-26 23:33:24	admin	http://localhost:8888/?/	Recoverable Fatal Error: 	Object of class Closure could not be converted to string (line 520 of /Applications/MAMP/htdocs/runduro/wire/core/WireHooks.php)
2018-07-26 23:33:54	admin	http://localhost:8888/?/	Recoverable Fatal Error: 	Object of class Closure could not be converted to string (line 520 of /Applications/MAMP/htdocs/runduro/wire/core/WireHooks.php)
2018-07-26 23:39:11	admin	http://localhost:8888/runduro/test/	Error: 	Uncaught Error: Call to a member function post() on null in /Applications/MAMP/htdocs/runduro/site/assets/cache/FileCompiler/site/modules/GetStravaSegments/Webservices.module:19 Stack trace: #0 /Applications/MAMP/htdocs/runduro/wire/core/WireHooks.php(813): Webservices->{closure}(Object(ProcessWire\HookEvent)) #1 /Applications/MAMP/htdocs/runduro/wire/core/Wire.php(442): ProcessWire\WireHooks->runHooks(Object(ProcessWire\Page), 'render', Array) #2 /Applications/MAMP/htdocs/runduro/wire/modules/Process/ProcessPageView.module(205): ProcessWire\Wire->__call('render', Array) #3 /Applications/MAMP/htdocs/runduro/wire/core/Wire.php(383): ProcessWire\ProcessPageView->___execute(true) #4 /Applications/MAMP/htdocs/runduro/wire/core/WireHooks.php(723): ProcessWire\Wire->_callMethod('___execute', Array) #5 /Applications/MAMP/htdocs/runduro/wire/core/Wire.php(442): ProcessWire\WireHooks->runHooks(Object(ProcessWire\ProcessPageView), 'execute', Array) #6 /Applications/MAMP/htdocs/runduro/index.php(55): ProcessWire\Wire->_ (line 19 of /Applications/MAMP/htdocs/runduro/site/assets/cache/FileCompiler/site/modules/GetStravaSegments/Webservices.module)
2018-07-26 23:39:49	?	http://localhost:8888/?/	Parse Error: 	syntax error, unexpected ';', expecting ',' or ')' (line 19 of /Applications/MAMP/htdocs/runduro/site/assets/cache/FileCompiler/site/modules/GetStravaSegments/Webservices.module)
2018-07-26 23:39:52	?	http://localhost:8888/?/	Parse Error: 	syntax error, unexpected ';', expecting ',' or ')' (line 19 of /Applications/MAMP/htdocs/runduro/site/assets/cache/FileCompiler/site/modules/GetStravaSegments/Webservices.module)
2018-07-26 23:41:31	admin	http://localhost:8888/runduro/test/	Error: 	Uncaught Error: Call to a member function get() on null in /Applications/MAMP/htdocs/runduro/site/assets/cache/FileCompiler/site/modules/GetStravaSegments/Webservices.module:19 Stack trace: #0 /Applications/MAMP/htdocs/runduro/wire/core/WireHooks.php(813): Webservices->{closure}(Object(ProcessWire\HookEvent)) #1 /Applications/MAMP/htdocs/runduro/wire/core/Wire.php(442): ProcessWire\WireHooks->runHooks(Object(ProcessWire\Page), 'render', Array) #2 /Applications/MAMP/htdocs/runduro/wire/modules/Process/ProcessPageView.module(205): ProcessWire\Wire->__call('render', Array) #3 /Applications/MAMP/htdocs/runduro/wire/core/Wire.php(383): ProcessWire\ProcessPageView->___execute(true) #4 /Applications/MAMP/htdocs/runduro/wire/core/WireHooks.php(723): ProcessWire\Wire->_callMethod('___execute', Array) #5 /Applications/MAMP/htdocs/runduro/wire/core/Wire.php(442): ProcessWire\WireHooks->runHooks(Object(ProcessWire\ProcessPageView), 'execute', Array) #6 /Applications/MAMP/htdocs/runduro/index.php(55): ProcessWire\Wire->__ (line 19 of /Applications/MAMP/htdocs/runduro/site/assets/cache/FileCompiler/site/modules/GetStravaSegments/Webservices.module)
2018-07-26 23:41:46	admin	http://localhost:8888/runduro/test/	Error: 	Uncaught Error: Call to a member function post() on null in /Applications/MAMP/htdocs/runduro/site/assets/cache/FileCompiler/site/modules/GetStravaSegments/Webservices.module:19 Stack trace: #0 /Applications/MAMP/htdocs/runduro/wire/core/WireHooks.php(813): Webservices->{closure}(Object(ProcessWire\HookEvent)) #1 /Applications/MAMP/htdocs/runduro/wire/core/Wire.php(442): ProcessWire\WireHooks->runHooks(Object(ProcessWire\Page), 'render', Array) #2 /Applications/MAMP/htdocs/runduro/wire/modules/Process/ProcessPageView.module(205): ProcessWire\Wire->__call('render', Array) #3 /Applications/MAMP/htdocs/runduro/wire/core/Wire.php(383): ProcessWire\ProcessPageView->___execute(true) #4 /Applications/MAMP/htdocs/runduro/wire/core/WireHooks.php(723): ProcessWire\Wire->_callMethod('___execute', Array) #5 /Applications/MAMP/htdocs/runduro/wire/core/Wire.php(442): ProcessWire\WireHooks->runHooks(Object(ProcessWire\ProcessPageView), 'execute', Array) #6 /Applications/MAMP/htdocs/runduro/index.php(55): ProcessWire\Wire->_ (line 19 of /Applications/MAMP/htdocs/runduro/site/assets/cache/FileCompiler/site/modules/GetStravaSegments/Webservices.module)
2018-07-26 23:42:54	?	http://localhost:8888/?/	Parse Error: 	syntax error, unexpected '->' (T_OBJECT_OPERATOR), expecting ',' or ')' (line 19 of /Applications/MAMP/htdocs/runduro/site/assets/cache/FileCompiler/site/modules/GetStravaSegments/Webservices.module)
2018-07-26 23:45:57	admin	http://localhost:8888/runduro/test/	Error: 	Uncaught Error: Call to a member function get() on null in /Applications/MAMP/htdocs/runduro/site/assets/cache/FileCompiler/site/modules/GetStravaSegments/Webservices.module:19 Stack trace: #0 /Applications/MAMP/htdocs/runduro/wire/core/WireHooks.php(813): Webservices->{closure}(Object(ProcessWire\HookEvent)) #1 /Applications/MAMP/htdocs/runduro/wire/core/Wire.php(442): ProcessWire\WireHooks->runHooks(Object(ProcessWire\Page), 'render', Array) #2 /Applications/MAMP/htdocs/runduro/wire/modules/Process/ProcessPageView.module(205): ProcessWire\Wire->__call('render', Array) #3 /Applications/MAMP/htdocs/runduro/wire/core/Wire.php(383): ProcessWire\ProcessPageView->___execute(true) #4 /Applications/MAMP/htdocs/runduro/wire/core/WireHooks.php(723): ProcessWire\Wire->_callMethod('___execute', Array) #5 /Applications/MAMP/htdocs/runduro/wire/core/Wire.php(442): ProcessWire\WireHooks->runHooks(Object(ProcessWire\ProcessPageView), 'execute', Array) #6 /Applications/MAMP/htdocs/runduro/index.php(55): ProcessWire\Wire->__ (line 19 of /Applications/MAMP/htdocs/runduro/site/assets/cache/FileCompiler/site/modules/GetStravaSegments/Webservices.module)
2018-07-26 23:46:22	admin	http://localhost:8888/runduro/test/	Error: 	Uncaught Error: Call to a member function get() on null in /Applications/MAMP/htdocs/runduro/site/assets/cache/FileCompiler/site/modules/GetStravaSegments/Webservices.module:19 Stack trace: #0 /Applications/MAMP/htdocs/runduro/wire/core/WireHooks.php(813): Webservices->{closure}(Object(ProcessWire\HookEvent)) #1 /Applications/MAMP/htdocs/runduro/wire/core/Wire.php(442): ProcessWire\WireHooks->runHooks(Object(ProcessWire\Page), 'render', Array) #2 /Applications/MAMP/htdocs/runduro/wire/modules/Process/ProcessPageView.module(205): ProcessWire\Wire->__call('render', Array) #3 /Applications/MAMP/htdocs/runduro/wire/core/Wire.php(383): ProcessWire\ProcessPageView->___execute(true) #4 /Applications/MAMP/htdocs/runduro/wire/core/WireHooks.php(723): ProcessWire\Wire->_callMethod('___execute', Array) #5 /Applications/MAMP/htdocs/runduro/wire/core/Wire.php(442): ProcessWire\WireHooks->runHooks(Object(ProcessWire\ProcessPageView), 'execute', Array) #6 /Applications/MAMP/htdocs/runduro/index.php(55): ProcessWire\Wire->__ (line 19 of /Applications/MAMP/htdocs/runduro/site/assets/cache/FileCompiler/site/modules/GetStravaSegments/Webservices.module)
2018-07-26 23:46:24	admin	http://localhost:8888/runduro/test/	Error: 	Uncaught Error: Call to a member function get() on null in /Applications/MAMP/htdocs/runduro/site/assets/cache/FileCompiler/site/modules/GetStravaSegments/Webservices.module:19 Stack trace: #0 /Applications/MAMP/htdocs/runduro/wire/core/WireHooks.php(813): Webservices->{closure}(Object(ProcessWire\HookEvent)) #1 /Applications/MAMP/htdocs/runduro/wire/core/Wire.php(442): ProcessWire\WireHooks->runHooks(Object(ProcessWire\Page), 'render', Array) #2 /Applications/MAMP/htdocs/runduro/wire/modules/Process/ProcessPageView.module(205): ProcessWire\Wire->__call('render', Array) #3 /Applications/MAMP/htdocs/runduro/wire/core/Wire.php(383): ProcessWire\ProcessPageView->___execute(true) #4 /Applications/MAMP/htdocs/runduro/wire/core/WireHooks.php(723): ProcessWire\Wire->_callMethod('___execute', Array) #5 /Applications/MAMP/htdocs/runduro/wire/core/Wire.php(442): ProcessWire\WireHooks->runHooks(Object(ProcessWire\ProcessPageView), 'execute', Array) #6 /Applications/MAMP/htdocs/runduro/index.php(55): ProcessWire\Wire->__ (line 19 of /Applications/MAMP/htdocs/runduro/site/assets/cache/FileCompiler/site/modules/GetStravaSegments/Webservices.module)
2018-07-26 23:48:05	?	http://localhost:8888/?/	Parse Error: 	syntax error, unexpected '{' (line 19 of /Applications/MAMP/htdocs/runduro/site/assets/cache/FileCompiler/site/modules/GetStravaSegments/Webservices.module)
2018-07-26 23:49:09	?	http://localhost:8888/?/	Parse Error: 	syntax error, unexpected '{' (line 19 of /Applications/MAMP/htdocs/runduro/site/assets/cache/FileCompiler/site/modules/GetStravaSegments/Webservices.module)
2018-07-26 23:49:26	?	http://localhost:8888/?/	Parse Error: 	syntax error, unexpected '{' (line 19 of /Applications/MAMP/htdocs/runduro/site/assets/cache/FileCompiler/site/modules/GetStravaSegments/Webservices.module)
2018-07-26 23:49:51	?	http://localhost:8888/?/	Parse Error: 	syntax error, unexpected '{' (line 19 of /Applications/MAMP/htdocs/runduro/site/assets/cache/FileCompiler/site/modules/GetStravaSegments/Webservices.module)
2018-07-26 23:50:36	?	http://localhost:8888/?/	Parse Error: 	syntax error, unexpected '{' (line 19 of /Applications/MAMP/htdocs/runduro/site/assets/cache/FileCompiler/site/modules/GetStravaSegments/Webservices.module)
2018-07-26 23:52:33	admin	http://localhost:8888/runduro/	Error: 	Uncaught Error: Call to a member function get() on null in /Applications/MAMP/htdocs/runduro/site/assets/cache/FileCompiler/site/modules/GetStravaSegments/Webservices.module:23 Stack trace: #0 /Applications/MAMP/htdocs/runduro/wire/core/WireHooks.php(813): Webservices->{closure}(Object(ProcessWire\HookEvent)) #1 /Applications/MAMP/htdocs/runduro/wire/core/Wire.php(442): ProcessWire\WireHooks->runHooks(Object(ProcessWire\Page), 'render', Array) #2 /Applications/MAMP/htdocs/runduro/wire/modules/Process/ProcessPageView.module(202): ProcessWire\Wire->__call('render', Array) #3 /Applications/MAMP/htdocs/runduro/wire/core/Wire.php(383): ProcessWire\ProcessPageView->___execute(true) #4 /Applications/MAMP/htdocs/runduro/wire/core/WireHooks.php(723): ProcessWire\Wire->_callMethod('___execute', Array) #5 /Applications/MAMP/htdocs/runduro/wire/core/Wire.php(442): ProcessWire\WireHooks->runHooks(Object(ProcessWire\ProcessPageView), 'execute', Array) #6 /Applications/MAMP/htdocs/runduro/index.php(55): ProcessWire\Wire->__ (line 23 of /Applications/MAMP/htdocs/runduro/site/assets/cache/FileCompiler/site/modules/GetStravaSegments/Webservices.module)
2018-07-26 23:52:53	admin	http://localhost:8888/runduro/	Error: 	Uncaught Error: Call to a member function get() on null in /Applications/MAMP/htdocs/runduro/site/assets/cache/FileCompiler/site/modules/GetStravaSegments/Webservices.module:23 Stack trace: #0 /Applications/MAMP/htdocs/runduro/wire/core/WireHooks.php(813): Webservices->{closure}(Object(ProcessWire\HookEvent)) #1 /Applications/MAMP/htdocs/runduro/wire/core/Wire.php(442): ProcessWire\WireHooks->runHooks(Object(ProcessWire\Page), 'render', Array) #2 /Applications/MAMP/htdocs/runduro/wire/modules/Process/ProcessPageView.module(205): ProcessWire\Wire->__call('render', Array) #3 /Applications/MAMP/htdocs/runduro/wire/core/Wire.php(383): ProcessWire\ProcessPageView->___execute(true) #4 /Applications/MAMP/htdocs/runduro/wire/core/WireHooks.php(723): ProcessWire\Wire->_callMethod('___execute', Array) #5 /Applications/MAMP/htdocs/runduro/wire/core/Wire.php(442): ProcessWire\WireHooks->runHooks(Object(ProcessWire\ProcessPageView), 'execute', Array) #6 /Applications/MAMP/htdocs/runduro/index.php(55): ProcessWire\Wire->__ (line 23 of /Applications/MAMP/htdocs/runduro/site/assets/cache/FileCompiler/site/modules/GetStravaSegments/Webservices.module)
2018-07-26 23:54:17	?	http://localhost:8888/?/	Parse Error: 	syntax error, unexpected 'as' (T_AS), expecting ',' or ')' (line 23 of /Applications/MAMP/htdocs/runduro/site/assets/cache/FileCompiler/site/modules/GetStravaSegments/Webservices.module)
2018-07-26 23:54:26	?	http://localhost:8888/?/	Parse Error: 	syntax error, unexpected 'as' (T_AS), expecting ',' or ')' (line 23 of /Applications/MAMP/htdocs/runduro/site/assets/cache/FileCompiler/site/modules/GetStravaSegments/Webservices.module)
2018-07-26 23:55:32	admin	http://localhost:8888/runduro/	Error: 	Uncaught Error: Call to a member function get() on null in /Applications/MAMP/htdocs/runduro/site/assets/cache/FileCompiler/site/modules/GetStravaSegments/Webservices.module:23 Stack trace: #0 /Applications/MAMP/htdocs/runduro/wire/core/WireHooks.php(813): Webservices->{closure}(Object(ProcessWire\HookEvent)) #1 /Applications/MAMP/htdocs/runduro/wire/core/Wire.php(442): ProcessWire\WireHooks->runHooks(Object(ProcessWire\Page), 'render', Array) #2 /Applications/MAMP/htdocs/runduro/wire/modules/Process/ProcessPageView.module(205): ProcessWire\Wire->__call('render', Array) #3 /Applications/MAMP/htdocs/runduro/wire/core/Wire.php(383): ProcessWire\ProcessPageView->___execute(true) #4 /Applications/MAMP/htdocs/runduro/wire/core/WireHooks.php(723): ProcessWire\Wire->_callMethod('___execute', Array) #5 /Applications/MAMP/htdocs/runduro/wire/core/Wire.php(442): ProcessWire\WireHooks->runHooks(Object(ProcessWire\ProcessPageView), 'execute', Array) #6 /Applications/MAMP/htdocs/runduro/index.php(55): ProcessWire\Wire->__ (line 23 of /Applications/MAMP/htdocs/runduro/site/assets/cache/FileCompiler/site/modules/GetStravaSegments/Webservices.module)
2018-07-26 23:56:47	?	http://localhost:8888/?/	Parse Error: 	syntax error, unexpected ';', expecting ',' or ')' (line 18 of /Applications/MAMP/htdocs/runduro/site/assets/cache/FileCompiler/site/modules/GetStravaSegments/Webservices.module)
2018-07-26 23:57:27	admin	http://localhost:8888/runduro/	Error: 	Uncaught Error: Call to a member function get() on null in /Applications/MAMP/htdocs/runduro/site/assets/cache/FileCompiler/site/modules/GetStravaSegments/Webservices.module:18 Stack trace: #0 /Applications/MAMP/htdocs/runduro/wire/core/WireHooks.php(813): Webservices->{closure}(Object(ProcessWire\HookEvent)) #1 /Applications/MAMP/htdocs/runduro/wire/core/Wire.php(442): ProcessWire\WireHooks->runHooks(Object(ProcessWire\Page), 'render', Array) #2 /Applications/MAMP/htdocs/runduro/wire/modules/Process/ProcessPageView.module(205): ProcessWire\Wire->__call('render', Array) #3 /Applications/MAMP/htdocs/runduro/wire/core/Wire.php(383): ProcessWire\ProcessPageView->___execute(true) #4 /Applications/MAMP/htdocs/runduro/wire/core/WireHooks.php(723): ProcessWire\Wire->_callMethod('___execute', Array) #5 /Applications/MAMP/htdocs/runduro/wire/core/Wire.php(442): ProcessWire\WireHooks->runHooks(Object(ProcessWire\ProcessPageView), 'execute', Array) #6 /Applications/MAMP/htdocs/runduro/index.php(55): ProcessWire\Wire->__ (line 18 of /Applications/MAMP/htdocs/runduro/site/assets/cache/FileCompiler/site/modules/GetStravaSegments/Webservices.module)
2018-07-27 00:01:12	?	http://localhost:8888/?/	Parse Error: 	syntax error, unexpected ';', expecting ',' or ')' (line 18 of /Applications/MAMP/htdocs/runduro/site/assets/cache/FileCompiler/site/modules/GetStravaSegments/Webservices.module)
2018-07-27 00:01:15	?	http://localhost:8888/?/	Parse Error: 	syntax error, unexpected ';', expecting ',' or ')' (line 18 of /Applications/MAMP/htdocs/runduro/site/assets/cache/FileCompiler/site/modules/GetStravaSegments/Webservices.module)
2018-07-27 00:01:26	?	http://localhost:8888/?/	Parse Error: 	syntax error, unexpected ';', expecting ',' or ')' (line 18 of /Applications/MAMP/htdocs/runduro/site/assets/cache/FileCompiler/site/modules/GetStravaSegments/Webservices.module)
2018-07-27 00:01:28	?	http://localhost:8888/?/	Parse Error: 	syntax error, unexpected ';', expecting ',' or ')' (line 18 of /Applications/MAMP/htdocs/runduro/site/assets/cache/FileCompiler/site/modules/GetStravaSegments/Webservices.module)
2018-07-27 00:01:39	admin	http://localhost:8888/runduro/	Error: 	Uncaught Error: Call to a member function get() on null in /Applications/MAMP/htdocs/runduro/site/assets/cache/FileCompiler/site/modules/GetStravaSegments/Webservices.module:18 Stack trace: #0 /Applications/MAMP/htdocs/runduro/wire/core/WireHooks.php(813): Webservices->{closure}(Object(ProcessWire\HookEvent)) #1 /Applications/MAMP/htdocs/runduro/wire/core/Wire.php(442): ProcessWire\WireHooks->runHooks(Object(ProcessWire\Page), 'render', Array) #2 /Applications/MAMP/htdocs/runduro/wire/modules/Process/ProcessPageView.module(205): ProcessWire\Wire->__call('render', Array) #3 /Applications/MAMP/htdocs/runduro/wire/core/Wire.php(383): ProcessWire\ProcessPageView->___execute(true) #4 /Applications/MAMP/htdocs/runduro/wire/core/WireHooks.php(723): ProcessWire\Wire->_callMethod('___execute', Array) #5 /Applications/MAMP/htdocs/runduro/wire/core/Wire.php(442): ProcessWire\WireHooks->runHooks(Object(ProcessWire\ProcessPageView), 'execute', Array) #6 /Applications/MAMP/htdocs/runduro/index.php(55): ProcessWire\Wire->__ (line 18 of /Applications/MAMP/htdocs/runduro/site/assets/cache/FileCompiler/site/modules/GetStravaSegments/Webservices.module)
2018-07-27 14:50:11	?	http://localhost:8888/?/	Error: 	Exception: SQLSTATE[HY000] [2002] No such file or directory (in /Applications/MAMP/htdocs/runduro/wire/core/ProcessWire.php line 377)
2018-07-27 14:50:17	?	http://localhost:8888/?/	Error: 	Exception: SQLSTATE[HY000] [2002] No such file or directory (in /Applications/MAMP/htdocs/runduro/wire/core/ProcessWire.php line 377)
